<?xml version="1.0" encoding="UTF-8"?>
<!-- Generated by org.testng.reporters.JUnitReportReporter -->
<testsuite hostname="DESKTOP-8PJ8JRC" failures="0" tests="1" name="com.demoblaze.DemoBlazeTask1" time="44.897" errors="0" timestamp="2021-10-07T16:53:17 IST" skipped="0">
  <testcase classname="com.demoblaze.DemoBlazeTask1" name="signup" time="44.897"/>
  <system-out/>
</testsuite> <!-- com.demoblaze.DemoBlazeTask1 -->
