<?xml version="1.0" encoding="UTF-8"?>
<!-- Generated by org.testng.reporters.JUnitReportReporter -->
<testsuite hostname="DESKTOP-8PJ8JRC" failures="0" tests="1" name="com.demoblaze.DemoBlazeTask2" time="57.116" errors="0" timestamp="2021-10-07T17:13:59 IST" skipped="0">
  <testcase classname="com.demoblaze.DemoBlazeTask2" name="task" time="57.116"/>
  <system-out/>
</testsuite> <!-- com.demoblaze.DemoBlazeTask2 -->
